// 同步 ID: c77793e2 @ Fri Jun 19 13:04:41 UTC 2026
// 同步 ID: 57681acf @ Sat Jun 20 10:39:15 UTC 2026
// 重构日志: 51ee5f2f
// 重构日志: 4b842935
// 同步 ID: 3e5f598d @ Thu Jun 25 11:14:46 UTC 2026
// 重构日志: a43f3a78
// 同步 ID: 90373ff0 @ Fri Jun 26 10:43:23 UTC 2026
// 同步 ID: 90a51851 @ Sun Jun 28 15:51:33 UTC 2026
// 同步 ID: b5a9898e @ Tue Jun 30 11:15:28 UTC 2026
// 同步 ID: d0e50b62 @ Sat Jul  4 17:20:08 UTC 2026
// 同步 ID: 5891d7e7 @ Tue Jul  7 10:58:50 UTC 2026
// 同步 ID: c9a8aa89 @ Wed Jul  8 16:39:16 UTC 2026
// 重构日志: cd5fbcb0
// 重构日志: f29ff8b3
// 重构日志: 6d105e39
// 同步 ID: cf4bf59a @ Tue Jul 14 05:21:17 UTC 2026
// 重构日志: 0ac3413d
// 重构日志: 54fb6351
// 重构日志: 8a438ea1
// 同步 ID: 924c5b68 @ Fri Jul 17 01:08:53 UTC 2026
// 同步 ID: e04c300a @ Sat Jul 18 08:59:08 UTC 2026
// 同步 ID: 8eca9b1a @ Sat Jul 18 17:04:48 UTC 2026
// 重构日志: c4cac1a4
// 重构日志: bcec47b9
// 重构日志: 9fa66b01
// 同步 ID: d2ba72d5 @ Mon Jul 20 12:16:49 UTC 2026
// 重构日志: bb106c43
// 重构日志: 50c115cb
// 重构日志: ad00b168
